C51 COMPILER V9.60.0.0   MAIN                                                              01/28/2020 00:46:36 PAGE 1   


C51 COMPILER V9.60.0.0, COMPILATION OF MODULE MAIN
OBJECT MODULE PLACED IN .\main.OBJ
COMPILER INVOKED BY: Z:\home\vyldram\SimplicityStudio_v4\developer\toolchains\keil_8051\9.60\BIN\C51.exe /home/vyldram/G
                    -it/C8051F340/C8051F340_GpioInterrupt/main.c OMF2 SMALL DEBUG OBJECTEXTEND ROM(LARGE) WARNINGLEVEL(2) FLOATFUZZY(3) OPTIM
                    -IZE(8,SPEED) INTVECTOR(0X0000) INTPROMOTE INCDIR(/home/vyldram/Git/C8051F340/C8051F340_GpioInterrupt) PRINT(.\main.lst) 
                    -COND PAGEWIDTH(120) PAGELENGTH(65) OBJECT(.\main.OBJ)

line level    source

   1          /*
   2           * main.c
   3           *
   4           *  Created on: 15/01/2020
   5           *      Author: vyldram
   6           */
   7          
   8          #include <SiLABS\c8051F340.h>
   9          #include <SiLABS\shared\si8051Base\compiler_defs.h>
  10          #include <INTRINS.H>
  11          #include <Oscillator.h>
  12          #include <GPIO.h>
  13          
  14          INTERRUPT_PROTO(EXT0_ISR, INTERRUPT_INT0);
  15          INTERRUPT_PROTO(EXT1_ISR, INTERRUPT_INT1);
  16          void EXT0_vInit(void);
  17          void EXT1_vInit(void);
  18          
  19          void main (void)
  20          {
  21   1              PCA0MD &= ~0x40;                // WDTE = 0 (clear watchdog timer enable)
  22   1              PFE0CN |=0x20;                  //Enable Pre-fetch
  23   1              FLSCL|=0x10;                    //increase wait state
  24   1              Oscillator_vInit (Oscillator_enSYSCLKSourceMult4);      // Initialize Oscillator
  25   1              GPIO_vInit();                   // Initialize Clkout as output
  26   1              EXT0_vInit();                   // Init EXT0
  27   1              EXT1_vInit();                   // Init EXT1
  28   1      
  29   1              IE0=0;
  30   1              IE1=0;
  31   1              EA=1; //enable all interrupts
  32   1              while (1)
  33   1              {
  34   2              }
  35   1      }
  36          
  37          void EXT0_vInit(void)
  38          {
  39   1              IT01CF&=~0xF;
  40   1              IT01CF|=0x9; //external interrupt in P0.1, INT0 active high
  41   1      
  42   1              P0MDOUT&=~0x2; //P0.1 open-drain output
  43   1              P0MDIN|=0x2; //P0.1 digital input
  44   1              P0SKIP|=0x2; //P0.1 skip in crossbar
  45   1              P0|= 0x2; //P0.1 to high impedance
  46   1      
  47   1              EX0=1; //enable External INT0
  48   1              PX0=1; //high prioprity
  49   1              IT0=1; //edge sensitive
  50   1      }
  51          
  52          void EXT1_vInit(void)
  53          {
C51 COMPILER V9.60.0.0   MAIN                                                              01/28/2020 00:46:36 PAGE 2   

  54   1              IT01CF&=~0xF0;
  55   1              IT01CF|=0xA0; //external interrupt in P0.2, INT1 active high
  56   1      
  57   1              P0MDOUT&=~0x4; //P0.2 open-drain output
  58   1              P0MDIN|=0x4; //P0.2 digital input
  59   1              P0SKIP|=0x4; //P0.2 skip in crossbar
  60   1              P0|= 0x4; //P0.2 to high impedance
  61   1      
  62   1              EX1=1; //enable External INT0
  63   1              PX1=1; //high prioprity
  64   1              IT1=1; //edge sensitive
  65   1      }
  66          
  67          
  68          INTERRUPT(EXT0_ISR, INTERRUPT_INT0)
  69          {
  70   1              IE0=0; //reset Flag for INT0
  71   1              P2^=0x4; //Toggle P2.2
  72   1      }
  73          
  74          INTERRUPT(EXT1_ISR, INTERRUPT_INT1)
  75          {
  76   1              IE1=0; //reset Flag for INT0
  77   1              P2^=0x8; //Toggle P2.3
  78   1      }
  79          


MODULE INFORMATION:   STATIC OVERLAYABLE
   CODE SIZE        =     99    ----
   CONSTANT SIZE    =   ----    ----
   XDATA SIZE       =   ----    ----
   PDATA SIZE       =   ----    ----
   DATA SIZE        =   ----    ----
   IDATA SIZE       =   ----    ----
   BIT SIZE         =   ----    ----
   EDATA SIZE       =   ----    ----
   HDATA SIZE       =   ----    ----
   XDATA CONST SIZE =   ----    ----
   FAR CONST SIZE   =   ----    ----
END OF MODULE INFORMATION.


C51 COMPILATION COMPLETE.  0 WARNING(S),  0 ERROR(S)
