C51 COMPILER V9.60.0.0   ADC0                                                              02/16/2020 21:12:03 PAGE 1   


C51 COMPILER V9.60.0.0, COMPILATION OF MODULE ADC0
OBJECT MODULE PLACED IN .\ADC0.OBJ
COMPILER INVOKED BY: Z:\home\vyldram\SimplicityStudio_v4\developer\toolchains\keil_8051\9.60\BIN\C51.exe /home/vyldram/G
                    -it/C8051F340/C8051F340_UART/ADC0.c OMF2 SMALL DEBUG OBJECTEXTEND ROM(LARGE) WARNINGLEVEL(2) FLOATFUZZY(3) OPTIMIZE(8,SPE
                    -ED) INTVECTOR(0X0000) INTPROMOTE INCDIR(/home/vyldram/SimplicityStudio_v4/developer/toolchains/keil_8051/9.60/INC/SiLABS
                    -/shared/si8051Base;/home/vyldram/Git/C8051F340/C8051F340_UART) PRINT(.\ADC0.lst) COND PAGEWIDTH(120) PAGELENGTH(65) OBJE
                    -CT(.\ADC0.OBJ)

line level    source

   1          /*
   2           * ADC.c
   3           *
   4           *  Created on: 09/02/2020
   5           *      Author: vyldram
   6           */
   7          
   8          
   9          #include <ADC0.h>
  10          
  11          void ADC0_vInit(void)
  12          {
  13   1              REF0CN|=0x8; //VCC VREF
  14   1              P0MDIN&=~0x10; //0.4 as analog input
  15   1              P0SKIP|=0x10;  //skip 0.4 crossbar
  16   1              AMX0P = 0x12; //0.4
  17   1              AMX0N = 0x1F; //GND
  18   1              ADC0CF=0xB8; //maximum sample time and right-jistified
  19   1              ADC0CN= 0xC0;
  20   1      }
  21          
  22          
  23          unsigned short ADC0_u16Sample(void)
  24          {
  25   1              unsigned short u16Value =0x400;
  26   1              ADC0CN|=0x10;
  27   1              while((ADC0CN & 0x10));
  28   1              u16Value=ADC0H<<8;
  29   1              u16Value|=ADC0L;
  30   1      
  31   1              return u16Value;
  32   1      }


MODULE INFORMATION:   STATIC OVERLAYABLE
   CODE SIZE        =     43    ----
   CONSTANT SIZE    =   ----    ----
   XDATA SIZE       =   ----    ----
   PDATA SIZE       =   ----    ----
   DATA SIZE        =   ----    ----
   IDATA SIZE       =   ----    ----
   BIT SIZE         =   ----    ----
   EDATA SIZE       =   ----    ----
   HDATA SIZE       =   ----    ----
   XDATA CONST SIZE =   ----    ----
   FAR CONST SIZE   =   ----    ----
END OF MODULE INFORMATION.


C51 COMPILATION COMPLETE.  0 WARNING(S),  0 ERROR(S)
