C51 COMPILER V9.60.0.0   MAIN                                                              01/18/2020 05:05:19 PAGE 1   


C51 COMPILER V9.60.0.0, COMPILATION OF MODULE MAIN
OBJECT MODULE PLACED IN .\main.OBJ
COMPILER INVOKED BY: Z:\home\vyldram\SimplicityStudio_v4\developer\toolchains\keil_8051\9.60\BIN\C51.exe /home/vyldram/G
                    -it/C8051C340/C8051F340_HelloWorld/main.c OMF2 SMALL DEBUG OBJECTEXTEND ROM(LARGE) WARNINGLEVEL(2) FLOATFUZZY(3) OPTIMIZE
                    -(8,SPEED) INTVECTOR(0X0000) INTPROMOTE PRINT(.\main.lst) COND PAGEWIDTH(120) PAGELENGTH(65) OBJECT(.\main.OBJ)

line level    source

   1          /*
   2           * main.c
   3           *
   4           *  Created on: 18/01/2020
   5           *      Author: vyldram
   6           */
   7          
   8          //#include <SiLABS\c8051F340.h>
   9          #include <Cygnal\c8051F340.h>
  10          
  11          idata unsigned char iData[0xE0-0x30];
  12          xdata unsigned char xData[0x1000-0x00];
  13          
  14          
  15          bdata unsigned char bData[0x30-0x20];
  16          sbit  bData0_0 =bData[0]^0;
  17          sbit  bData0_1 =bData[0]^1;
  18          sbit  bData0_2 =bData[0]^2;
  19          sbit  bData0_3 =bData[0]^3;
  20          
  21          void main(void)
  22          {
  23   1              PCA0MD &=~0x40;
  24   1              bData0_0=0;
  25   1              bData0_1=1;
  26   1              bData0_2=0;
  27   1              bData0_3=1;
  28   1              while(1)
  29   1              {
  30   2                      bData0_0=1;
  31   2                      bData0_1=0;
  32   2                      bData0_2=1;
  33   2                      bData0_3=0;
  34   2              }
  35   1      }


MODULE INFORMATION:   STATIC OVERLAYABLE
   CODE SIZE        =     21    ----
   CONSTANT SIZE    =   ----    ----
   XDATA SIZE       =   4096    ----
   PDATA SIZE       =   ----    ----
   DATA SIZE        =     16    ----
   IDATA SIZE       =    176    ----
   BIT SIZE         =   ----    ----
   EDATA SIZE       =   ----    ----
   HDATA SIZE       =   ----    ----
   XDATA CONST SIZE =   ----    ----
   FAR CONST SIZE   =   ----    ----
END OF MODULE INFORMATION.


C51 COMPILATION COMPLETE.  0 WARNING(S),  0 ERROR(S)
