C51 COMPILER V9.60.0.0   GPIO                                                              02/10/2020 00:57:44 PAGE 1   


C51 COMPILER V9.60.0.0, COMPILATION OF MODULE GPIO
OBJECT MODULE PLACED IN .\GPIO.OBJ
COMPILER INVOKED BY: Z:\home\vyldram\SimplicityStudio_v4\developer\toolchains\keil_8051\9.60\BIN\C51.exe /home/vyldram/G
                    -it/C8051F340/C8051C340_ADC_Polling/GPIO.c OMF2 COMPACT DEBUG OBJECTEXTEND ROM(LARGE) WARNINGLEVEL(2) FLOATFUZZY(3) OPTIM
                    -IZE(8,SPEED) INTVECTOR(0X0000) INTPROMOTE INCDIR(/home/vyldram/Git/C8051F340/C8051C340_ADC_Polling/external_copied_files
                    -;/home/vyldram/Git/C8051F340/C8051C340_ADC_Polling) REGFILE(C8051C340_ADC_Polling.ORC) NOAREGS PRINT(.\GPIO.lst) COND PA
                    -GEWIDTH(120) PAGELENGTH(65) OBJECT(.\GPIO.OBJ)

line level    source

   1          /*
   2           * GPIO.c
   3           *
   4           *  Created on: 23/01/2020
   5           *      Author: vyldram
   6           */
   7          
   8          #include <GPIO.h>
   9          
  10          
  11          
  12          
  13          #define SWITCH1_PIN (0x1u) // (1<<0)
  14          #define SWITCH2_PIN (0x2u) // (1<<1)
  15          #define LED1_PIN (0x4u) // (1<<2)
  16          #define LED2_PIN (0x8u) //(1<<3)
  17          
  18          bdata bStatusPin;
  19          sbit sSwitch2LastValue = bStatusPin^0;
  20          
  21          
  22          void GPIO_vInit(void)
  23          {
  24   1              /*LED and Switches configured as Digital Input*/
  25   1              P2MDIN|=(SWITCH1_PIN|SWITCH2_PIN|LED1_PIN|LED2_PIN);
  26   1      
  27   1              /*Switches configured as Open Drain Output*/
  28   1              P2MDOUT&=~(SWITCH1_PIN|SWITCH2_PIN);
  29   1      
  30   1              /*Switches configured as push-pull Output*/
  31   1              P2MDOUT|=(LED1_PIN|LED2_PIN);
  32   1      
  33   1              /*LED and Switches skipped from CrossBar*/
  34   1              P2SKIP|=(SWITCH1_PIN|SWITCH2_PIN|LED1_PIN|LED2_PIN);
  35   1      
  36   1      
  37   1              /*LED initial State as LOW value*/
  38   1              P2&=~(LED1_PIN|LED2_PIN);
  39   1      
  40   1              /*Switches configured as high impedance to avoid short circuits on inputs*/
  41   1              P2|=(SWITCH1_PIN|SWITCH2_PIN);
  42   1              sSwitch2LastValue = 1;
  43   1      
  44   1      
  45   1              P0MDIN  |=0x1;                                          //conf as Digital Input
  46   1              P0MDOUT |=0x1;                                          //conf GPIO P0 as push-pull output
  47   1      
  48   1      
  49   1              P2MDIN |=0x4;                                           //Conf P2.2 as Output, Push-Pull Initial LOW
  50   1              P2MDOUT|=0x4;
  51   1              P2SKIP|=0x4;
  52   1              P2&=~0x4;
C51 COMPILER V9.60.0.0   GPIO                                                              02/10/2020 00:57:44 PAGE 2   

  53   1      
  54   1      
  55   1              /* Activate SYSCLK output*/
  56   1              XBR0|=0x8;
  57   1      
  58   1              /*Wake pull-up enable in all pins except on output and analog input*/
  59   1              XBR1&=~0x80;
  60   1      
  61   1              /*CrossBar enable*/
  62   1              XBR1|=0x40;
  63   1      }


MODULE INFORMATION:   STATIC OVERLAYABLE
   CODE SIZE        =     48    ----
   CONSTANT SIZE    =   ----    ----
   XDATA SIZE       =   ----    ----
   PDATA SIZE       =   ----    ----
   DATA SIZE        =      2    ----
   IDATA SIZE       =   ----    ----
   BIT SIZE         =   ----    ----
   EDATA SIZE       =   ----    ----
   HDATA SIZE       =   ----    ----
   XDATA CONST SIZE =   ----    ----
   FAR CONST SIZE   =   ----    ----
END OF MODULE INFORMATION.


C51 COMPILATION COMPLETE.  0 WARNING(S),  0 ERROR(S)
