C51 COMPILER V9.60.0.0   GPIO                                                              02/11/2020 01:07:33 PAGE 1   


C51 COMPILER V9.60.0.0, COMPILATION OF MODULE GPIO
OBJECT MODULE PLACED IN .\GPIO.OBJ
COMPILER INVOKED BY: Z:\home\vyldram\SimplicityStudio_v4\developer\toolchains\keil_8051\9.60\BIN\C51.exe /home/vyldram/S
                    -implicityStudio/v4_workspace/C8051F340_ADCwithTIMER/GPIO.c OMF2 SMALL DEBUG OBJECTEXTEND ROM(LARGE) WARNINGLEVEL(2) FLOA
                    -TFUZZY(3) OPTIMIZE(8,SPEED) INTVECTOR(0X0000) INTPROMOTE INCDIR(/home/vyldram/SimplicityStudio/v4_workspace/C8051F340_AD
                    -CwithTIMER;/home/vyldram/SimplicityStudio_v4/developer/toolchains/keil_8051/9.60//INC/SiLABS/shared/si8051Base) PRINT(.\
                    -GPIO.lst) COND PAGEWIDTH(120) PAGELENGTH(65) OBJECT(.\GPIO.OBJ)

line level    source

   1          /*
   2           * GPIO.c
   3           *
   4           *  Created on: 23/01/2020
   5           *      Author: vyldram
   6           */
   7          
   8          #include <GPIO.h>
   9          
  10          
  11          
  12          
  13          #define SWITCH1_PIN (0x1u) // (1<<0)
  14          #define SWITCH2_PIN (0x2u) // (1<<1)
  15          #define LED1_PIN (0x4u) // (1<<2)
  16          #define LED2_PIN (0x8u) //(1<<3)
  17          
  18          bdata bStatusPin;
  19          sbit sSwitch2LastValue = bStatusPin^0;
  20          
  21          
  22          void GPIO_vInit(void)
  23          {
  24   1              /*LED and Switches configured as Digital Input*/
  25   1              P2MDIN|=(SWITCH1_PIN|SWITCH2_PIN|LED1_PIN|LED2_PIN);
  26   1              P1MDIN=0xFF;
  27   1              P0MDIN|=0xF0;
  28   1      
  29   1              /*Switches configured as Open Drain Output*/
  30   1              P2MDOUT&=~(SWITCH1_PIN|SWITCH2_PIN);
  31   1      
  32   1              /*Switches configured as push-pull Output*/
  33   1              P2MDOUT|=(LED1_PIN|LED2_PIN);
  34   1              P1MDOUT=0xFF;
  35   1              P0MDOUT|=0xF0;
  36   1      
  37   1              /*LED and Switches skipped from CrossBar*/
  38   1              P2SKIP|=(SWITCH1_PIN|SWITCH2_PIN|LED1_PIN|LED2_PIN);
  39   1              P1SKIP=0xFF;
  40   1              P0SKIP|=0xF0;
  41   1      
  42   1      
  43   1              /*LED initial State as LOW value*/
  44   1              P2&=~(LED1_PIN|LED2_PIN);
  45   1              P1=0;
  46   1              P0&=~0xF0;
  47   1      
  48   1              /*Switches configured as high impedance to avoid short circuits on inputs*/
  49   1              P2|=(SWITCH1_PIN|SWITCH2_PIN);
  50   1              sSwitch2LastValue = 1;
  51   1      
  52   1      
C51 COMPILER V9.60.0.0   GPIO                                                              02/11/2020 01:07:33 PAGE 2   

  53   1              P0MDIN  |=0x1;                                          //conf as Digital Input
  54   1              P0MDOUT |=0x1;                                          //conf GPIO P0 as push-pull output
  55   1      
  56   1      
  57   1              P2MDIN |=0x4;                                           //Conf P2.2 as Output, Push-Pull Initial LOW
  58   1              P2MDOUT|=0x4;
  59   1              P2SKIP|=0x4;
  60   1              P2&=~0x4;
  61   1      
  62   1      
  63   1              /* Activate SYSCLK output*/
  64   1              XBR0|=0x8;
  65   1      
  66   1              /*Wake pull-up enable in all pins except on output and analog input*/
  67   1              XBR1&=~0x80;
  68   1      
  69   1              /*CrossBar enable*/
  70   1              XBR1|=0x40;
  71   1      }


MODULE INFORMATION:   STATIC OVERLAYABLE
   CODE SIZE        =     72    ----
   CONSTANT SIZE    =   ----    ----
   XDATA SIZE       =   ----    ----
   PDATA SIZE       =   ----    ----
   DATA SIZE        =      2    ----
   IDATA SIZE       =   ----    ----
   BIT SIZE         =   ----    ----
   EDATA SIZE       =   ----    ----
   HDATA SIZE       =   ----    ----
   XDATA CONST SIZE =   ----    ----
   FAR CONST SIZE   =   ----    ----
END OF MODULE INFORMATION.


C51 COMPILATION COMPLETE.  0 WARNING(S),  0 ERROR(S)
